[+] Containers:
 |- [+] Container: /Game/TopDown/Maps/TopDownMap
 |   |- [+] ActorDescs:
 |   |   |- Guid:0F4324B34E091887A24AD9995AE727D1 NativeClass:/Script/Engine.StaticMeshActor Name:StaticMeshActor_23 Label:SM_Cube6 SpatiallyLoaded:true EditorBounds:IsValid=true, Min=(X=2265.000 Y=100.000 Z=0.000), Max=(X=2290.000 Y=3150.000 Z=1350.000) RuntimeBounds:IsValid=true, Min=(X=2265.000 Y=100.000 Z=0.000), Max=(X=2290.000 Y=3150.000 Z=1350.000) RuntimeGrid:None EditorOnly:false RuntimeOnly:false HLODRelevant:true ListedInSceneOutliner:true IsMainWorldOnly:false FolderPath:Playground FolderGuid:9FE5E8B349AF71F05F2688921F3F2AC5
 |   |   |- Guid:147C8D134B12D635012D5F8C57D2C96F NativeClass:/Script/Engine.PostProcessVolume Name:PostProcessVolume_1 Label:PostProcessVolume SpatiallyLoaded:false EditorBounds:IsValid=true, Min=(X=0.000 Y=0.000 Z=400.000), Max=(X=200.000 Y=200.000 Z=600.000) RuntimeBounds:IsValid=true, Min=(X=0.000 Y=0.000 Z=400.000), Max=(X=200.000 Y=200.000 Z=600.000) RuntimeGrid:None EditorOnly:false RuntimeOnly:false HLODRelevant:false ListedInSceneOutliner:true IsMainWorldOnly:false FolderPath:Lighting FolderGuid:4C9334684BA61B42C769F799D2576455
 |   |   |- Guid:1742DF43475F097453197AA79C7473D9 NativeClass:/Script/Engine.SkyLight Name:SkyLight_1 Label:SkyLight SpatiallyLoaded:false EditorBounds:IsValid=true, Min=(X=0.000 Y=0.000 Z=690.000), Max=(X=0.000 Y=0.000 Z=690.000) RuntimeBounds:IsValid=true, Min=(X=0.000 Y=0.000 Z=690.000), Max=(X=0.000 Y=0.000 Z=690.000) RuntimeGrid:None EditorOnly:false RuntimeOnly:false HLODRelevant:false ListedInSceneOutliner:true IsMainWorldOnly:false FolderPath:Lighting FolderGuid:4C9334684BA61B42C769F799D2576455
 |   |   |- Guid:177C2B2946046FBC48D64EA7A8FE56DD NativeClass:/Script/Engine.StaticMeshActor Name:StaticMeshActor_UAID_40C2BA9A58B86F4302_1799086789 Label:stairs3 SpatiallyLoaded:true EditorBounds:IsValid=true, Min=(X=763.295 Y=1639.560 Z=197.086), Max=(X=960.795 Y=1880.440 Z=297.014) RuntimeBounds:IsValid=true, Min=(X=763.295 Y=1639.560 Z=197.086), Max=(X=960.795 Y=1880.440 Z=297.014) RuntimeGrid:None EditorOnly:false RuntimeOnly:false HLODRelevant:true ListedInSceneOutliner:true IsMainWorldOnly:false
 |   |   |- Guid:1FEC8FAC495CEF0CE32492ADCBB96BAE NativeClass:/Script/AIModule.NavLinkProxy Name:NavLinkProxy_3 Label:NavLinkProxy3 SpatiallyLoaded:true EditorBounds:IsValid=true, Min=(X=2240.000 Y=1030.000 Z=90.000), Max=(X=2240.000 Y=1030.000 Z=90.000) RuntimeBounds:IsValid=true, Min=(X=2240.000 Y=1030.000 Z=90.000), Max=(X=2240.000 Y=1030.000 Z=90.000) RuntimeGrid:None EditorOnly:false RuntimeOnly:false HLODRelevant:false ListedInSceneOutliner:true IsMainWorldOnly:false FolderPath:Navigation FolderGuid:AE45D61F453CC144CF8289862C276E89
 |   |   |- Guid:210894434C465522C43A9F8168E9D1B5 NativeClass:/Script/Engine.StaticMeshActor Name:StaticMeshActor_UAID_40C2BA9A58B86F4302_1579585783 Label:displayrack SpatiallyLoaded:true EditorBounds:IsValid=true, Min=(X=783.227 Y=736.005 Z=-5.557), Max=(X=879.853 Y=924.903 Z=146.235) RuntimeBounds:IsValid=true, Min=(X=783.227 Y=736.005 Z=-5.557), Max=(X=879.853 Y=924.903 Z=146.235) RuntimeGrid:None EditorOnly:false RuntimeOnly:false HLODRelevant:true ListedInSceneOutliner:true IsMainWorldOnly:false
 |   |   |- Guid:2169CB5C470E0E674279BA96829753DD NativeClass:/Script/Engine.StaticMeshActor Name:StaticMeshActor_17 Label:SM_Cube SpatiallyLoaded:true EditorBounds:IsValid=true, Min=(X=0.000 Y=0.000 Z=-50.000), Max=(X=2325.000 Y=3500.000 Z=0.000) RuntimeBounds:IsValid=true, Min=(X=0.000 Y=0.000 Z=-50.000), Max=(X=2325.000 Y=3500.000 Z=0.000) RuntimeGrid:None EditorOnly:false RuntimeOnly:false HLODRelevant:true ListedInSceneOutliner:true IsMainWorldOnly:false FolderPath:Playground FolderGuid:9FE5E8B349AF71F05F2688921F3F2AC5
 |   |   |- Guid:235DD12C4393FC89BF49F79E85CD2B1A NativeClass:/Script/Engine.StaticMeshActor Name:StaticMeshActor_UAID_40C2BA9A58B86F4302_1778605788 Label:stairs2 SpatiallyLoaded:true EditorBounds:IsValid=true, Min=(X=959.560 Y=1489.205 Z=97.086), Max=(X=1200.440 Y=1686.705 Z=197.014) RuntimeBounds:IsValid=true, Min=(X=959.560 Y=1489.205 Z=97.086), Max=(X=1200.440 Y=1686.705 Z=197.014) RuntimeGrid:None EditorOnly:false RuntimeOnly:false HLODRelevant:true ListedInSceneOutliner:true IsMainWorldOnly:false
 |   |   |- Guid:2DF0D95440BE0EDA81652F860DC7268E NativeClass:/Script/Engine.WorldDataLayers Name:WorldDataLayers Label:WorldDataLayers SpatiallyLoaded:false EditorBounds:IsValid=true, Min=(X=0.000 Y=0.000 Z=0.000), Max=(X=0.000 Y=0.000 Z=0.000) RuntimeBounds:IsValid=true, Min=(X=0.000 Y=0.000 Z=0.000), Max=(X=0.000 Y=0.000 Z=0.000) RuntimeGrid:None EditorOnly:false RuntimeOnly:false HLODRelevant:false ListedInSceneOutliner:true IsMainWorldOnly:true
 |   |   |- Guid:306929B142C99B3AD97B3C9F251C2129 NativeClass:/Script/Engine.StaticMeshActor Name:StaticMeshActor_22 Label:SM_Cube5 SpatiallyLoaded:true EditorBounds:IsValid=true, Min=(X=75.000 Y=100.000 Z=0.000), Max=(X=100.000 Y=3100.000 Z=1350.000) RuntimeBounds:IsValid=true, Min=(X=75.000 Y=100.000 Z=0.000), Max=(X=100.000 Y=3100.000 Z=1350.000) RuntimeGrid:None EditorOnly:false RuntimeOnly:false HLODRelevant:true ListedInSceneOutliner:true IsMainWorldOnly:false FolderPath:Playground FolderGuid:9FE5E8B349AF71F05F2688921F3F2AC5
 |   |   |- Guid:38A2A73544CF0ED86BA6BEA1BF809E58 NativeClass:/Script/Engine.StaticMeshActor Name:StaticMeshActor_UAID_40C2BA9A58B86F4302_1732692787 Label:stairs SpatiallyLoaded:true EditorBounds:IsValid=true, Min=(X=959.560 Y=1339.205 Z=-2.914), Max=(X=1200.440 Y=1536.705 Z=97.014) RuntimeBounds:IsValid=true, Min=(X=959.560 Y=1339.205 Z=-2.914), Max=(X=1200.440 Y=1536.705 Z=97.014) RuntimeGrid:None EditorOnly:false RuntimeOnly:false HLODRelevant:true ListedInSceneOutliner:true IsMainWorldOnly:false
 |   |   |- Guid:4C26D8284058194D717757881A52C5C0 NativeClass:/Script/Engine.StaticMeshActor Name:StaticMeshActor_UAID_40C2BA9A58B86F4302_1989876794 Label:stairs6 SpatiallyLoaded:true EditorBounds:IsValid=true, Min=(X=613.295 Y=1639.560 Z=297.086), Max=(X=810.795 Y=1880.440 Z=397.014) RuntimeBounds:IsValid=true, Min=(X=613.295 Y=1639.560 Z=297.086), Max=(X=810.795 Y=1880.440 Z=397.014) RuntimeGrid:None EditorOnly:false RuntimeOnly:false HLODRelevant:true ListedInSceneOutliner:true IsMainWorldOnly:false
 |   |   |- Guid:6252C7D64ACF162A73EE65B11FE214D1 NativeClass:/Script/Engine.SkyAtmosphere Name:SkyAtmosphere_1 Label:SkyAtmosphere SpatiallyLoaded:false EditorBounds:IsValid=true, Min=(X=0.000 Y=0.000 Z=1020.000), Max=(X=0.000 Y=0.000 Z=1020.000) RuntimeBounds:IsValid=true, Min=(X=0.000 Y=0.000 Z=1020.000), Max=(X=0.000 Y=0.000 Z=1020.000) RuntimeGrid:None EditorOnly:false RuntimeOnly:false HLODRelevant:false ListedInSceneOutliner:true IsMainWorldOnly:false FolderPath:Lighting FolderGuid:4C9334684BA61B42C769F799D2576455
 |   |   |- Guid:66BCBF874D2A22ADC6523B95EE812CA3 NativeClass:/Script/Engine.StaticMeshActor Name:StaticMeshActor_UAID_A4AE111137DC5CFB00_1660657071 Label:SM_SkySphere SpatiallyLoaded:false EditorBounds:IsValid=true, Min=(X=-1638400.000 Y=-1638400.000 Z=-1638400.000), Max=(X=1638400.000 Y=1638400.000 Z=1638400.000) RuntimeBounds:IsValid=true, Min=(X=-1638400.000 Y=-1638400.000 Z=-1638400.000), Max=(X=1638400.000 Y=1638400.000 Z=1638400.000) RuntimeGrid:None EditorOnly:false RuntimeOnly:false HLODRelevant:true ListedInSceneOutliner:true IsMainWorldOnly:false FolderPath:Lighting FolderGuid:4C9334684BA61B42C769F799D2576455
 |   |   |- Guid:7790583640B599B6F11F23B7B0C1E50F NativeClass:/Script/Engine.SkeletalMeshActor Name:SkeletalMeshActor_UAID_40C2BA9A58B86F4302_1620329784 Label:SK_eunice SpatiallyLoaded:true EditorBounds:IsValid=true, Min=(X=362.447 Y=868.984 Z=3.098), Max=(X=418.692 Y=1051.017 Z=183.262) RuntimeBounds:IsValid=true, Min=(X=362.447 Y=868.984 Z=3.098), Max=(X=418.692 Y=1051.017 Z=183.262) RuntimeGrid:None EditorOnly:false RuntimeOnly:false HLODRelevant:false ListedInSceneOutliner:true IsMainWorldOnly:false
 |   |   |- Guid:77F893B3468595EE782136AD620D7EF4 NativeClass:/Script/Engine.VolumetricCloud Name:VolumetricCloud_0 Label:VolumetricCloud SpatiallyLoaded:false EditorBounds:IsValid=true, Min=(X=0.000 Y=0.000 Z=820.000), Max=(X=0.000 Y=0.000 Z=820.000) RuntimeBounds:IsValid=true, Min=(X=0.000 Y=0.000 Z=820.000), Max=(X=0.000 Y=0.000 Z=820.000) RuntimeGrid:None EditorOnly:false RuntimeOnly:false HLODRelevant:false ListedInSceneOutliner:true IsMainWorldOnly:false FolderPath:Lighting FolderGuid:4C9334684BA61B42C769F799D2576455
 |   |   |- Guid:944F28D646940F668E595582AA9801E9 NativeClass:/Script/Engine.StaticMeshActor Name:StaticMeshActor_UAID_40C2BA9A58B86F4302_2111216796 Label:Cube4 SpatiallyLoaded:true EditorBounds:IsValid=true, Min=(X=42.500 Y=1635.000 Z=377.500), Max=(X=617.500 Y=1885.000 Z=402.500) RuntimeBounds:IsValid=true, Min=(X=42.500 Y=1635.000 Z=377.500), Max=(X=617.500 Y=1885.000 Z=402.500) RuntimeGrid:None EditorOnly:false RuntimeOnly:false HLODRelevant:true ListedInSceneOutliner:true IsMainWorldOnly:false
 |   |   |- Guid:A5282F6343CFC60C5804B4A30D93B49B NativeClass:/Script/Engine.StaticMeshActor Name:StaticMeshActor_UAID_40C2BA9A58B86F4302_2010615795 Label:Cube3 SpatiallyLoaded:true EditorBounds:IsValid=true, Min=(X=1542.500 Y=1635.000 Z=377.500), Max=(X=2317.500 Y=1885.000 Z=402.500) RuntimeBounds:IsValid=true, Min=(X=1542.500 Y=1635.000 Z=377.500), Max=(X=2317.500 Y=1885.000 Z=402.500) RuntimeGrid:None EditorOnly:false RuntimeOnly:false HLODRelevant:true ListedInSceneOutliner:true IsMainWorldOnly:false
 |   |   |- Guid:AECEEEE741E6DE68F6843FA49564A956 NativeClass:/Script/Engine.DirectionalLight Name:DirectionalLight_1 Label:DirectionalLight SpatiallyLoaded:false EditorBounds:IsValid=false, Min=(X=0.000 Y=0.000 Z=0.000), Max=(X=0.000 Y=0.000 Z=0.000) RuntimeBounds:IsValid=false, Min=(X=0.000 Y=0.000 Z=0.000), Max=(X=0.000 Y=0.000 Z=0.000) RuntimeGrid:None EditorOnly:false RuntimeOnly:false HLODRelevant:false ListedInSceneOutliner:true IsMainWorldOnly:false FolderPath:Lighting FolderGuid:4C9334684BA61B42C769F799D2576455
 |   |   |- Guid:C62312644E4AA86FA84ED091BBE4C763 NativeClass:/Script/Engine.StaticMeshActor Name:StaticMeshActor_UAID_40C2BA9A58B86F4302_1976067793 Label:stairs5 SpatiallyLoaded:true EditorBounds:IsValid=true, Min=(X=1359.205 Y=1639.560 Z=297.086), Max=(X=1556.705 Y=1880.440 Z=397.014) RuntimeBounds:IsValid=true, Min=(X=1359.205 Y=1639.560 Z=297.086), Max=(X=1556.705 Y=1880.440 Z=397.014) RuntimeGrid:None EditorOnly:false RuntimeOnly:false HLODRelevant:true ListedInSceneOutliner:true IsMainWorldOnly:false
 |   |   |- Guid:CA4288604B8538506F4CA1A4EC7B10D9 NativeClass:/Script/Engine.StaticMeshActor Name:StaticMeshActor_UAID_40C2BA9A58B86F4302_1831224790 Label:stairs4 SpatiallyLoaded:true EditorBounds:IsValid=true, Min=(X=1199.205 Y=1639.560 Z=197.086), Max=(X=1396.705 Y=1880.440 Z=297.014) RuntimeBounds:IsValid=true, Min=(X=1199.205 Y=1639.560 Z=197.086), Max=(X=1396.705 Y=1880.440 Z=297.014) RuntimeGrid:None EditorOnly:false RuntimeOnly:false HLODRelevant:true ListedInSceneOutliner:true IsMainWorldOnly:false
 |   |   |- Guid:CCDD89584E0A9025F52AEDA51D60CA54 NativeClass:/Script/NavigationSystem.NavMeshBoundsVolume Name:NavMeshBoundsVolume_1 Label:NavMeshBoundsVolume SpatiallyLoaded:false EditorBounds:IsValid=true, Min=(X=-20.000 Y=-100.000 Z=-110.000), Max=(X=2380.000 Y=3600.000 Z=390.000) RuntimeBounds:IsValid=true, Min=(X=-20.000 Y=-100.000 Z=-110.000), Max=(X=2380.000 Y=3600.000 Z=390.000) RuntimeGrid:None EditorOnly:false RuntimeOnly:false HLODRelevant:false ListedInSceneOutliner:true IsMainWorldOnly:false FolderPath:Navigation FolderGuid:AE45D61F453CC144CF8289862C276E89
 |   |   |- Guid:D24D61B944EF71BE7BC469B7EB239299 NativeClass:/Script/Engine.ExponentialHeightFog Name:ExponentialHeightFog_1 Label:ExponentialHeightFog SpatiallyLoaded:false EditorBounds:IsValid=true, Min=(X=-5600.000 Y=-50.000 Z=-6850.000), Max=(X=-5600.000 Y=-50.000 Z=-6850.000) RuntimeBounds:IsValid=true, Min=(X=-5600.000 Y=-50.000 Z=-6850.000), Max=(X=-5600.000 Y=-50.000 Z=-6850.000) RuntimeGrid:None EditorOnly:false RuntimeOnly:false HLODRelevant:false ListedInSceneOutliner:true IsMainWorldOnly:false FolderPath:Lighting FolderGuid:4C9334684BA61B42C769F799D2576455
 |   |   |- Guid:D62E54A74473E218F1D4508A7B64D62A NativeClass:/Script/Engine.StaticMeshActor Name:StaticMeshActor_UAID_40C2BA9A58B86F4302_1688905785 Label:displayrack2 SpatiallyLoaded:true EditorBounds:IsValid=true, Min=(X=1043.227 Y=866.005 Z=-5.557), Max=(X=1139.853 Y=1054.903 Z=146.235) RuntimeBounds:IsValid=true, Min=(X=1043.227 Y=866.005 Z=-5.557), Max=(X=1139.853 Y=1054.903 Z=146.235) RuntimeGrid:None EditorOnly:false RuntimeOnly:false HLODRelevant:true ListedInSceneOutliner:true IsMainWorldOnly:false
 |   |   |- Guid:DD2B873C475001F8AB45B5910FBAE1AB NativeClass:/Script/Engine.StaticMeshActor Name:StaticMeshActor_UAID_40C2BA9A58B86F4302_1705679786 Label:displayrack3 SpatiallyLoaded:true EditorBounds:IsValid=true, Min=(X=1253.227 Y=676.005 Z=-5.557), Max=(X=1349.853 Y=864.903 Z=146.235) RuntimeBounds:IsValid=true, Min=(X=1253.227 Y=676.005 Z=-5.557), Max=(X=1349.853 Y=864.903 Z=146.235) RuntimeGrid:None EditorOnly:false RuntimeOnly:false HLODRelevant:true ListedInSceneOutliner:true IsMainWorldOnly:false
 |   |   |- Guid:E9F51259425B785A35C436A5559AD7B4 NativeClass:/Script/Engine.StaticMeshActor Name:StaticMeshActor_19 Label:SM_Cube3 SpatiallyLoaded:true EditorBounds:IsValid=true, Min=(X=0.000 Y=3040.000 Z=0.000), Max=(X=2300.000 Y=3140.000 Z=1350.000) RuntimeBounds:IsValid=true, Min=(X=0.000 Y=3040.000 Z=0.000), Max=(X=2300.000 Y=3140.000 Z=1350.000) RuntimeGrid:None EditorOnly:false RuntimeOnly:false HLODRelevant:true ListedInSceneOutliner:true IsMainWorldOnly:false FolderPath:Playground FolderGuid:9FE5E8B349AF71F05F2688921F3F2AC5
 |   |   |- Guid:ED702DEB4F4A6D94A5DB4F9C337C2079 NativeClass:/Script/Engine.TextRenderActor Name:TextRenderActor_0 Label:TextRenderActor SpatiallyLoaded:true EditorBounds:IsValid=true, Min=(X=-0.100 Y=1100.000 Z=65.013), Max=(X=-0.100 Y=2225.000 Z=215.013) RuntimeBounds:IsValid=true, Min=(X=-0.100 Y=1100.000 Z=65.013), Max=(X=-0.100 Y=2225.000 Z=215.013) RuntimeGrid:None EditorOnly:false RuntimeOnly:false HLODRelevant:false ListedInSceneOutliner:true IsMainWorldOnly:false
 |   |   |- Guid:EDD6710945E085A0F60188AE2483A7A6 NativeClass:/Script/Engine.StaticMeshActor Name:StaticMeshActor_UAID_40C2BA9A58B86F4302_1945716792 Label:Cube2 SpatiallyLoaded:true EditorBounds:IsValid=true, Min=(X=70.000 Y=1882.500 Z=377.500), Max=(X=2270.000 Y=3057.500 Z=402.500) RuntimeBounds:IsValid=true, Min=(X=70.000 Y=1882.500 Z=377.500), Max=(X=2270.000 Y=3057.500 Z=402.500) RuntimeGrid:None EditorOnly:false RuntimeOnly:false HLODRelevant:true ListedInSceneOutliner:true IsMainWorldOnly:false
 |   |   |- Guid:F07559B14CE9ADE1215992AA417A945E NativeClass:/Script/Engine.StaticMeshActor Name:StaticMeshActor_18 Label:SM_Cube2 SpatiallyLoaded:true EditorBounds:IsValid=true, Min=(X=70.000 Y=80.000 Z=0.000), Max=(X=2295.000 Y=105.000 Z=1350.000) RuntimeBounds:IsValid=true, Min=(X=70.000 Y=80.000 Z=0.000), Max=(X=2295.000 Y=105.000 Z=1350.000) RuntimeGrid:None EditorOnly:false RuntimeOnly:false HLODRelevant:true ListedInSceneOutliner:true IsMainWorldOnly:false FolderPath:Playground FolderGuid:9FE5E8B349AF71F05F2688921F3F2AC5
 |   |   |- Guid:F33CC5014C49925B3A9D52A063AF483F NativeClass:/Script/Engine.PlayerStart Name:PlayerStart_0 Label:PlayerStart SpatiallyLoaded:false EditorBounds:IsValid=true, Min=(X=162.000 Y=512.000 Z=-35.987), Max=(X=530.000 Y=768.000 Z=220.013) RuntimeBounds:IsValid=true, Min=(X=250.000 Y=600.000 Z=0.013), Max=(X=330.000 Y=680.000 Z=184.013) RuntimeGrid:None EditorOnly:false RuntimeOnly:false HLODRelevant:false ListedInSceneOutliner:true IsMainWorldOnly:false
 |   |   |- Guid:FA9ADB0343198DCFBC8B90866967A66D NativeClass:/Script/Engine.StaticMeshActor Name:StaticMeshActor_UAID_40C2BA9A58B86F4302_1861884791 Label:Cube SpatiallyLoaded:true EditorBounds:IsValid=true, Min=(X=955.000 Y=1635.000 Z=177.500), Max=(X=1205.000 Y=1885.000 Z=202.500) RuntimeBounds:IsValid=true, Min=(X=955.000 Y=1635.000 Z=177.500), Max=(X=1205.000 Y=1885.000 Z=202.500) RuntimeGrid:None EditorOnly:false RuntimeOnly:false HLODRelevant:true ListedInSceneOutliner:true IsMainWorldOnly:false
 |   |- [+] Clusters:
 |   |   |- [+] [  0]
 |   |   |   |- Guid:0F4324B34E091887A24AD9995AE727D1 NativeClass:/Script/Engine.StaticMeshActor Name:StaticMeshActor_23 Label:SM_Cube6 SpatiallyLoaded:true EditorBounds:IsValid=true, Min=(X=2265.000 Y=100.000 Z=0.000), Max=(X=2290.000 Y=3150.000 Z=1350.000) RuntimeBounds:IsValid=true, Min=(X=2265.000 Y=100.000 Z=0.000), Max=(X=2290.000 Y=3150.000 Z=1350.000) RuntimeGrid:None EditorOnly:false RuntimeOnly:false HLODRelevant:true ListedInSceneOutliner:true IsMainWorldOnly:false FolderPath:Playground FolderGuid:9FE5E8B349AF71F05F2688921F3F2AC5
 |   |   |- [+] [  1]
 |   |   |   |- Guid:147C8D134B12D635012D5F8C57D2C96F NativeClass:/Script/Engine.PostProcessVolume Name:PostProcessVolume_1 Label:PostProcessVolume SpatiallyLoaded:false EditorBounds:IsValid=true, Min=(X=0.000 Y=0.000 Z=400.000), Max=(X=200.000 Y=200.000 Z=600.000) RuntimeBounds:IsValid=true, Min=(X=0.000 Y=0.000 Z=400.000), Max=(X=200.000 Y=200.000 Z=600.000) RuntimeGrid:None EditorOnly:false RuntimeOnly:false HLODRelevant:false ListedInSceneOutliner:true IsMainWorldOnly:false FolderPath:Lighting FolderGuid:4C9334684BA61B42C769F799D2576455
 |   |   |- [+] [  2]
 |   |   |   |- Guid:1742DF43475F097453197AA79C7473D9 NativeClass:/Script/Engine.SkyLight Name:SkyLight_1 Label:SkyLight SpatiallyLoaded:false EditorBounds:IsValid=true, Min=(X=0.000 Y=0.000 Z=690.000), Max=(X=0.000 Y=0.000 Z=690.000) RuntimeBounds:IsValid=true, Min=(X=0.000 Y=0.000 Z=690.000), Max=(X=0.000 Y=0.000 Z=690.000) RuntimeGrid:None EditorOnly:false RuntimeOnly:false HLODRelevant:false ListedInSceneOutliner:true IsMainWorldOnly:false FolderPath:Lighting FolderGuid:4C9334684BA61B42C769F799D2576455
 |   |   |- [+] [  3]
 |   |   |   |- Guid:177C2B2946046FBC48D64EA7A8FE56DD NativeClass:/Script/Engine.StaticMeshActor Name:StaticMeshActor_UAID_40C2BA9A58B86F4302_1799086789 Label:stairs3 SpatiallyLoaded:true EditorBounds:IsValid=true, Min=(X=763.295 Y=1639.560 Z=197.086), Max=(X=960.795 Y=1880.440 Z=297.014) RuntimeBounds:IsValid=true, Min=(X=763.295 Y=1639.560 Z=197.086), Max=(X=960.795 Y=1880.440 Z=297.014) RuntimeGrid:None EditorOnly:false RuntimeOnly:false HLODRelevant:true ListedInSceneOutliner:true IsMainWorldOnly:false
 |   |   |- [+] [  4]
 |   |   |   |- Guid:1FEC8FAC495CEF0CE32492ADCBB96BAE NativeClass:/Script/AIModule.NavLinkProxy Name:NavLinkProxy_3 Label:NavLinkProxy3 SpatiallyLoaded:true EditorBounds:IsValid=true, Min=(X=2240.000 Y=1030.000 Z=90.000), Max=(X=2240.000 Y=1030.000 Z=90.000) RuntimeBounds:IsValid=true, Min=(X=2240.000 Y=1030.000 Z=90.000), Max=(X=2240.000 Y=1030.000 Z=90.000) RuntimeGrid:None EditorOnly:false RuntimeOnly:false HLODRelevant:false ListedInSceneOutliner:true IsMainWorldOnly:false FolderPath:Navigation FolderGuid:AE45D61F453CC144CF8289862C276E89
 |   |   |- [+] [  5]
 |   |   |   |- Guid:210894434C465522C43A9F8168E9D1B5 NativeClass:/Script/Engine.StaticMeshActor Name:StaticMeshActor_UAID_40C2BA9A58B86F4302_1579585783 Label:displayrack SpatiallyLoaded:true EditorBounds:IsValid=true, Min=(X=783.227 Y=736.005 Z=-5.557), Max=(X=879.853 Y=924.903 Z=146.235) RuntimeBounds:IsValid=true, Min=(X=783.227 Y=736.005 Z=-5.557), Max=(X=879.853 Y=924.903 Z=146.235) RuntimeGrid:None EditorOnly:false RuntimeOnly:false HLODRelevant:true ListedInSceneOutliner:true IsMainWorldOnly:false
 |   |   |- [+] [  6]
 |   |   |   |- Guid:2169CB5C470E0E674279BA96829753DD NativeClass:/Script/Engine.StaticMeshActor Name:StaticMeshActor_17 Label:SM_Cube SpatiallyLoaded:true EditorBounds:IsValid=true, Min=(X=0.000 Y=0.000 Z=-50.000), Max=(X=2325.000 Y=3500.000 Z=0.000) RuntimeBounds:IsValid=true, Min=(X=0.000 Y=0.000 Z=-50.000), Max=(X=2325.000 Y=3500.000 Z=0.000) RuntimeGrid:None EditorOnly:false RuntimeOnly:false HLODRelevant:true ListedInSceneOutliner:true IsMainWorldOnly:false FolderPath:Playground FolderGuid:9FE5E8B349AF71F05F2688921F3F2AC5
 |   |   |- [+] [  7]
 |   |   |   |- Guid:235DD12C4393FC89BF49F79E85CD2B1A NativeClass:/Script/Engine.StaticMeshActor Name:StaticMeshActor_UAID_40C2BA9A58B86F4302_1778605788 Label:stairs2 SpatiallyLoaded:true EditorBounds:IsValid=true, Min=(X=959.560 Y=1489.205 Z=97.086), Max=(X=1200.440 Y=1686.705 Z=197.014) RuntimeBounds:IsValid=true, Min=(X=959.560 Y=1489.205 Z=97.086), Max=(X=1200.440 Y=1686.705 Z=197.014) RuntimeGrid:None EditorOnly:false RuntimeOnly:false HLODRelevant:true ListedInSceneOutliner:true IsMainWorldOnly:false
 |   |   |- [+] [  8]
 |   |   |   |- Guid:2DF0D95440BE0EDA81652F860DC7268E NativeClass:/Script/Engine.WorldDataLayers Name:WorldDataLayers Label:WorldDataLayers SpatiallyLoaded:false EditorBounds:IsValid=true, Min=(X=0.000 Y=0.000 Z=0.000), Max=(X=0.000 Y=0.000 Z=0.000) RuntimeBounds:IsValid=true, Min=(X=0.000 Y=0.000 Z=0.000), Max=(X=0.000 Y=0.000 Z=0.000) RuntimeGrid:None EditorOnly:false RuntimeOnly:false HLODRelevant:false ListedInSceneOutliner:true IsMainWorldOnly:true
 |   |   |- [+] [  9]
 |   |   |   |- Guid:306929B142C99B3AD97B3C9F251C2129 NativeClass:/Script/Engine.StaticMeshActor Name:StaticMeshActor_22 Label:SM_Cube5 SpatiallyLoaded:true EditorBounds:IsValid=true, Min=(X=75.000 Y=100.000 Z=0.000), Max=(X=100.000 Y=3100.000 Z=1350.000) RuntimeBounds:IsValid=true, Min=(X=75.000 Y=100.000 Z=0.000), Max=(X=100.000 Y=3100.000 Z=1350.000) RuntimeGrid:None EditorOnly:false RuntimeOnly:false HLODRelevant:true ListedInSceneOutliner:true IsMainWorldOnly:false FolderPath:Playground FolderGuid:9FE5E8B349AF71F05F2688921F3F2AC5
 |   |   |- [+] [ 10]
 |   |   |   |- Guid:38A2A73544CF0ED86BA6BEA1BF809E58 NativeClass:/Script/Engine.StaticMeshActor Name:StaticMeshActor_UAID_40C2BA9A58B86F4302_1732692787 Label:stairs SpatiallyLoaded:true EditorBounds:IsValid=true, Min=(X=959.560 Y=1339.205 Z=-2.914), Max=(X=1200.440 Y=1536.705 Z=97.014) RuntimeBounds:IsValid=true, Min=(X=959.560 Y=1339.205 Z=-2.914), Max=(X=1200.440 Y=1536.705 Z=97.014) RuntimeGrid:None EditorOnly:false RuntimeOnly:false HLODRelevant:true ListedInSceneOutliner:true IsMainWorldOnly:false
 |   |   |- [+] [ 11]
 |   |   |   |- Guid:4C26D8284058194D717757881A52C5C0 NativeClass:/Script/Engine.StaticMeshActor Name:StaticMeshActor_UAID_40C2BA9A58B86F4302_1989876794 Label:stairs6 SpatiallyLoaded:true EditorBounds:IsValid=true, Min=(X=613.295 Y=1639.560 Z=297.086), Max=(X=810.795 Y=1880.440 Z=397.014) RuntimeBounds:IsValid=true, Min=(X=613.295 Y=1639.560 Z=297.086), Max=(X=810.795 Y=1880.440 Z=397.014) RuntimeGrid:None EditorOnly:false RuntimeOnly:false HLODRelevant:true ListedInSceneOutliner:true IsMainWorldOnly:false
 |   |   |- [+] [ 12]
 |   |   |   |- Guid:6252C7D64ACF162A73EE65B11FE214D1 NativeClass:/Script/Engine.SkyAtmosphere Name:SkyAtmosphere_1 Label:SkyAtmosphere SpatiallyLoaded:false EditorBounds:IsValid=true, Min=(X=0.000 Y=0.000 Z=1020.000), Max=(X=0.000 Y=0.000 Z=1020.000) RuntimeBounds:IsValid=true, Min=(X=0.000 Y=0.000 Z=1020.000), Max=(X=0.000 Y=0.000 Z=1020.000) RuntimeGrid:None EditorOnly:false RuntimeOnly:false HLODRelevant:false ListedInSceneOutliner:true IsMainWorldOnly:false FolderPath:Lighting FolderGuid:4C9334684BA61B42C769F799D2576455
 |   |   |- [+] [ 13]
 |   |   |   |- Guid:66BCBF874D2A22ADC6523B95EE812CA3 NativeClass:/Script/Engine.StaticMeshActor Name:StaticMeshActor_UAID_A4AE111137DC5CFB00_1660657071 Label:SM_SkySphere SpatiallyLoaded:false EditorBounds:IsValid=true, Min=(X=-1638400.000 Y=-1638400.000 Z=-1638400.000), Max=(X=1638400.000 Y=1638400.000 Z=1638400.000) RuntimeBounds:IsValid=true, Min=(X=-1638400.000 Y=-1638400.000 Z=-1638400.000), Max=(X=1638400.000 Y=1638400.000 Z=1638400.000) RuntimeGrid:None EditorOnly:false RuntimeOnly:false HLODRelevant:true ListedInSceneOutliner:true IsMainWorldOnly:false FolderPath:Lighting FolderGuid:4C9334684BA61B42C769F799D2576455
 |   |   |- [+] [ 14]
 |   |   |   |- Guid:7790583640B599B6F11F23B7B0C1E50F NativeClass:/Script/Engine.SkeletalMeshActor Name:SkeletalMeshActor_UAID_40C2BA9A58B86F4302_1620329784 Label:SK_eunice SpatiallyLoaded:true EditorBounds:IsValid=true, Min=(X=362.447 Y=868.984 Z=3.098), Max=(X=418.692 Y=1051.017 Z=183.262) RuntimeBounds:IsValid=true, Min=(X=362.447 Y=868.984 Z=3.098), Max=(X=418.692 Y=1051.017 Z=183.262) RuntimeGrid:None EditorOnly:false RuntimeOnly:false HLODRelevant:false ListedInSceneOutliner:true IsMainWorldOnly:false
 |   |   |- [+] [ 15]
 |   |   |   |- Guid:77F893B3468595EE782136AD620D7EF4 NativeClass:/Script/Engine.VolumetricCloud Name:VolumetricCloud_0 Label:VolumetricCloud SpatiallyLoaded:false EditorBounds:IsValid=true, Min=(X=0.000 Y=0.000 Z=820.000), Max=(X=0.000 Y=0.000 Z=820.000) RuntimeBounds:IsValid=true, Min=(X=0.000 Y=0.000 Z=820.000), Max=(X=0.000 Y=0.000 Z=820.000) RuntimeGrid:None EditorOnly:false RuntimeOnly:false HLODRelevant:false ListedInSceneOutliner:true IsMainWorldOnly:false FolderPath:Lighting FolderGuid:4C9334684BA61B42C769F799D2576455
 |   |   |- [+] [ 16]
 |   |   |   |- Guid:944F28D646940F668E595582AA9801E9 NativeClass:/Script/Engine.StaticMeshActor Name:StaticMeshActor_UAID_40C2BA9A58B86F4302_2111216796 Label:Cube4 SpatiallyLoaded:true EditorBounds:IsValid=true, Min=(X=42.500 Y=1635.000 Z=377.500), Max=(X=617.500 Y=1885.000 Z=402.500) RuntimeBounds:IsValid=true, Min=(X=42.500 Y=1635.000 Z=377.500), Max=(X=617.500 Y=1885.000 Z=402.500) RuntimeGrid:None EditorOnly:false RuntimeOnly:false HLODRelevant:true ListedInSceneOutliner:true IsMainWorldOnly:false
 |   |   |- [+] [ 17]
 |   |   |   |- Guid:A5282F6343CFC60C5804B4A30D93B49B NativeClass:/Script/Engine.StaticMeshActor Name:StaticMeshActor_UAID_40C2BA9A58B86F4302_2010615795 Label:Cube3 SpatiallyLoaded:true EditorBounds:IsValid=true, Min=(X=1542.500 Y=1635.000 Z=377.500), Max=(X=2317.500 Y=1885.000 Z=402.500) RuntimeBounds:IsValid=true, Min=(X=1542.500 Y=1635.000 Z=377.500), Max=(X=2317.500 Y=1885.000 Z=402.500) RuntimeGrid:None EditorOnly:false RuntimeOnly:false HLODRelevant:true ListedInSceneOutliner:true IsMainWorldOnly:false
 |   |   |- [+] [ 18]
 |   |   |   |- Guid:AECEEEE741E6DE68F6843FA49564A956 NativeClass:/Script/Engine.DirectionalLight Name:DirectionalLight_1 Label:DirectionalLight SpatiallyLoaded:false EditorBounds:IsValid=false, Min=(X=0.000 Y=0.000 Z=0.000), Max=(X=0.000 Y=0.000 Z=0.000) RuntimeBounds:IsValid=false, Min=(X=0.000 Y=0.000 Z=0.000), Max=(X=0.000 Y=0.000 Z=0.000) RuntimeGrid:None EditorOnly:false RuntimeOnly:false HLODRelevant:false ListedInSceneOutliner:true IsMainWorldOnly:false FolderPath:Lighting FolderGuid:4C9334684BA61B42C769F799D2576455
 |   |   |- [+] [ 19]
 |   |   |   |- Guid:C62312644E4AA86FA84ED091BBE4C763 NativeClass:/Script/Engine.StaticMeshActor Name:StaticMeshActor_UAID_40C2BA9A58B86F4302_1976067793 Label:stairs5 SpatiallyLoaded:true EditorBounds:IsValid=true, Min=(X=1359.205 Y=1639.560 Z=297.086), Max=(X=1556.705 Y=1880.440 Z=397.014) RuntimeBounds:IsValid=true, Min=(X=1359.205 Y=1639.560 Z=297.086), Max=(X=1556.705 Y=1880.440 Z=397.014) RuntimeGrid:None EditorOnly:false RuntimeOnly:false HLODRelevant:true ListedInSceneOutliner:true IsMainWorldOnly:false
 |   |   |- [+] [ 20]
 |   |   |   |- Guid:CA4288604B8538506F4CA1A4EC7B10D9 NativeClass:/Script/Engine.StaticMeshActor Name:StaticMeshActor_UAID_40C2BA9A58B86F4302_1831224790 Label:stairs4 SpatiallyLoaded:true EditorBounds:IsValid=true, Min=(X=1199.205 Y=1639.560 Z=197.086), Max=(X=1396.705 Y=1880.440 Z=297.014) RuntimeBounds:IsValid=true, Min=(X=1199.205 Y=1639.560 Z=197.086), Max=(X=1396.705 Y=1880.440 Z=297.014) RuntimeGrid:None EditorOnly:false RuntimeOnly:false HLODRelevant:true ListedInSceneOutliner:true IsMainWorldOnly:false
 |   |   |- [+] [ 21]
 |   |   |   |- Guid:CCDD89584E0A9025F52AEDA51D60CA54 NativeClass:/Script/NavigationSystem.NavMeshBoundsVolume Name:NavMeshBoundsVolume_1 Label:NavMeshBoundsVolume SpatiallyLoaded:false EditorBounds:IsValid=true, Min=(X=-20.000 Y=-100.000 Z=-110.000), Max=(X=2380.000 Y=3600.000 Z=390.000) RuntimeBounds:IsValid=true, Min=(X=-20.000 Y=-100.000 Z=-110.000), Max=(X=2380.000 Y=3600.000 Z=390.000) RuntimeGrid:None EditorOnly:false RuntimeOnly:false HLODRelevant:false ListedInSceneOutliner:true IsMainWorldOnly:false FolderPath:Navigation FolderGuid:AE45D61F453CC144CF8289862C276E89
 |   |   |- [+] [ 22]
 |   |   |   |- Guid:D24D61B944EF71BE7BC469B7EB239299 NativeClass:/Script/Engine.ExponentialHeightFog Name:ExponentialHeightFog_1 Label:ExponentialHeightFog SpatiallyLoaded:false EditorBounds:IsValid=true, Min=(X=-5600.000 Y=-50.000 Z=-6850.000), Max=(X=-5600.000 Y=-50.000 Z=-6850.000) RuntimeBounds:IsValid=true, Min=(X=-5600.000 Y=-50.000 Z=-6850.000), Max=(X=-5600.000 Y=-50.000 Z=-6850.000) RuntimeGrid:None EditorOnly:false RuntimeOnly:false HLODRelevant:false ListedInSceneOutliner:true IsMainWorldOnly:false FolderPath:Lighting FolderGuid:4C9334684BA61B42C769F799D2576455
 |   |   |- [+] [ 23]
 |   |   |   |- Guid:D62E54A74473E218F1D4508A7B64D62A NativeClass:/Script/Engine.StaticMeshActor Name:StaticMeshActor_UAID_40C2BA9A58B86F4302_1688905785 Label:displayrack2 SpatiallyLoaded:true EditorBounds:IsValid=true, Min=(X=1043.227 Y=866.005 Z=-5.557), Max=(X=1139.853 Y=1054.903 Z=146.235) RuntimeBounds:IsValid=true, Min=(X=1043.227 Y=866.005 Z=-5.557), Max=(X=1139.853 Y=1054.903 Z=146.235) RuntimeGrid:None EditorOnly:false RuntimeOnly:false HLODRelevant:true ListedInSceneOutliner:true IsMainWorldOnly:false
 |   |   |- [+] [ 24]
 |   |   |   |- Guid:DD2B873C475001F8AB45B5910FBAE1AB NativeClass:/Script/Engine.StaticMeshActor Name:StaticMeshActor_UAID_40C2BA9A58B86F4302_1705679786 Label:displayrack3 SpatiallyLoaded:true EditorBounds:IsValid=true, Min=(X=1253.227 Y=676.005 Z=-5.557), Max=(X=1349.853 Y=864.903 Z=146.235) RuntimeBounds:IsValid=true, Min=(X=1253.227 Y=676.005 Z=-5.557), Max=(X=1349.853 Y=864.903 Z=146.235) RuntimeGrid:None EditorOnly:false RuntimeOnly:false HLODRelevant:true ListedInSceneOutliner:true IsMainWorldOnly:false
 |   |   |- [+] [ 25]
 |   |   |   |- Guid:E9F51259425B785A35C436A5559AD7B4 NativeClass:/Script/Engine.StaticMeshActor Name:StaticMeshActor_19 Label:SM_Cube3 SpatiallyLoaded:true EditorBounds:IsValid=true, Min=(X=0.000 Y=3040.000 Z=0.000), Max=(X=2300.000 Y=3140.000 Z=1350.000) RuntimeBounds:IsValid=true, Min=(X=0.000 Y=3040.000 Z=0.000), Max=(X=2300.000 Y=3140.000 Z=1350.000) RuntimeGrid:None EditorOnly:false RuntimeOnly:false HLODRelevant:true ListedInSceneOutliner:true IsMainWorldOnly:false FolderPath:Playground FolderGuid:9FE5E8B349AF71F05F2688921F3F2AC5
 |   |   |- [+] [ 26]
 |   |   |   |- Guid:ED702DEB4F4A6D94A5DB4F9C337C2079 NativeClass:/Script/Engine.TextRenderActor Name:TextRenderActor_0 Label:TextRenderActor SpatiallyLoaded:true EditorBounds:IsValid=true, Min=(X=-0.100 Y=1100.000 Z=65.013), Max=(X=-0.100 Y=2225.000 Z=215.013) RuntimeBounds:IsValid=true, Min=(X=-0.100 Y=1100.000 Z=65.013), Max=(X=-0.100 Y=2225.000 Z=215.013) RuntimeGrid:None EditorOnly:false RuntimeOnly:false HLODRelevant:false ListedInSceneOutliner:true IsMainWorldOnly:false
 |   |   |- [+] [ 27]
 |   |   |   |- Guid:EDD6710945E085A0F60188AE2483A7A6 NativeClass:/Script/Engine.StaticMeshActor Name:StaticMeshActor_UAID_40C2BA9A58B86F4302_1945716792 Label:Cube2 SpatiallyLoaded:true EditorBounds:IsValid=true, Min=(X=70.000 Y=1882.500 Z=377.500), Max=(X=2270.000 Y=3057.500 Z=402.500) RuntimeBounds:IsValid=true, Min=(X=70.000 Y=1882.500 Z=377.500), Max=(X=2270.000 Y=3057.500 Z=402.500) RuntimeGrid:None EditorOnly:false RuntimeOnly:false HLODRelevant:true ListedInSceneOutliner:true IsMainWorldOnly:false
 |   |   |- [+] [ 28]
 |   |   |   |- Guid:F07559B14CE9ADE1215992AA417A945E NativeClass:/Script/Engine.StaticMeshActor Name:StaticMeshActor_18 Label:SM_Cube2 SpatiallyLoaded:true EditorBounds:IsValid=true, Min=(X=70.000 Y=80.000 Z=0.000), Max=(X=2295.000 Y=105.000 Z=1350.000) RuntimeBounds:IsValid=true, Min=(X=70.000 Y=80.000 Z=0.000), Max=(X=2295.000 Y=105.000 Z=1350.000) RuntimeGrid:None EditorOnly:false RuntimeOnly:false HLODRelevant:true ListedInSceneOutliner:true IsMainWorldOnly:false FolderPath:Playground FolderGuid:9FE5E8B349AF71F05F2688921F3F2AC5
 |   |   |- [+] [ 29]
 |   |   |   |- Guid:F33CC5014C49925B3A9D52A063AF483F NativeClass:/Script/Engine.PlayerStart Name:PlayerStart_0 Label:PlayerStart SpatiallyLoaded:false EditorBounds:IsValid=true, Min=(X=162.000 Y=512.000 Z=-35.987), Max=(X=530.000 Y=768.000 Z=220.013) RuntimeBounds:IsValid=true, Min=(X=250.000 Y=600.000 Z=0.013), Max=(X=330.000 Y=680.000 Z=184.013) RuntimeGrid:None EditorOnly:false RuntimeOnly:false HLODRelevant:false ListedInSceneOutliner:true IsMainWorldOnly:false
 |   |   |- [+] [ 30]
 |   |   |   |- Guid:FA9ADB0343198DCFBC8B90866967A66D NativeClass:/Script/Engine.StaticMeshActor Name:StaticMeshActor_UAID_40C2BA9A58B86F4302_1861884791 Label:Cube SpatiallyLoaded:true EditorBounds:IsValid=true, Min=(X=955.000 Y=1635.000 Z=177.500), Max=(X=1205.000 Y=1885.000 Z=202.500) RuntimeBounds:IsValid=true, Min=(X=955.000 Y=1635.000 Z=177.500), Max=(X=1205.000 Y=1885.000 Z=202.500) RuntimeGrid:None EditorOnly:false RuntimeOnly:false HLODRelevant:true ListedInSceneOutliner:true IsMainWorldOnly:false
 |- ContainerInstances:
 |- [+] MainContainer:
 |   |-        ID: 00000000000000000000000000000000
 |   |-  ParentID: 00000000000000000000000000000000
 |   |-    Bounds: IsValid=false, Min=(X=0.000 Y=0.000 Z=0.000), Max=(X=0.000 Y=0.000 Z=0.000)
 |   |- Transform: 0.000000,0.000000,0.000000|0.000000,0.000000,-0.000000|1.000000,1.000000,1.000000
 |   |- Container: /Game/TopDown/Maps/TopDownMap
----------------------------------------------------------------------------------------------------------------
TopDownMap - Persistent Level
----------------------------------------------------------------------------------------------------------------
[+] Content of TopDownMap Persistent Level
 |- Always loaded Actor Count: 31 
 |- Actor Path: /Game/TopDown/Maps/TopDownMap.TopDownMap:PersistentLevel.DirectionalLight_1
 |- Actor Package: /Game/__ExternalActors__/TopDown/Maps/TopDownMap/A/LM/VRK8UAZR3J2TAKS74SHCUD
 |- Actor Path: /Game/TopDown/Maps/TopDownMap.TopDownMap:PersistentLevel.ExponentialHeightFog_1
 |- Actor Package: /Game/__ExternalActors__/TopDown/Maps/TopDownMap/6/BO/BYV4KSLUROOOL33DU1XUWQ
 |- Actor Path: /Game/TopDown/Maps/TopDownMap.TopDownMap:PersistentLevel.NavLinkProxy_3
 |- Actor Package: /Game/__ExternalActors__/TopDown/Maps/TopDownMap/5/UT/JRUWL9PVCAH3XSUMXP4CC1
 |- Actor Path: /Game/TopDown/Maps/TopDownMap.TopDownMap:PersistentLevel.NavMeshBoundsVolume_1
 |- Actor Package: /Game/__ExternalActors__/TopDown/Maps/TopDownMap/0/QS/8AKCSH4RXXQHHQMCR8GO6C
 |- Actor Path: /Game/TopDown/Maps/TopDownMap.TopDownMap:PersistentLevel.PlayerStart_0
 |- Actor Package: /Game/__ExternalActors__/TopDown/Maps/TopDownMap/6/OI/H4CYGWRMJ49ZI6AS2GNGQY
 |- Actor Path: /Game/TopDown/Maps/TopDownMap.TopDownMap:PersistentLevel.PostProcessVolume_1
 |- Actor Package: /Game/__ExternalActors__/TopDown/Maps/TopDownMap/6/VI/ESHAVRHFZFA2JDR9ZAQIOE
 |- Actor Path: /Game/TopDown/Maps/TopDownMap.TopDownMap:PersistentLevel.SkeletalMeshActor_UAID_40C2BA9A58B86F4302_1620329784
 |- Actor Package: /Game/__ExternalActors__/TopDown/Maps/TopDownMap/5/JL/TK9A0PF3ADZKR45N1MICO1
 |- Actor Path: /Game/TopDown/Maps/TopDownMap.TopDownMap:PersistentLevel.SkyAtmosphere_1
 |- Actor Package: /Game/__ExternalActors__/TopDown/Maps/TopDownMap/5/YN/TCNGOWDVRBFBJ5YZR7VI7S
 |- Actor Path: /Game/TopDown/Maps/TopDownMap.TopDownMap:PersistentLevel.SkyLight_1
 |- Actor Package: /Game/__ExternalActors__/TopDown/Maps/TopDownMap/E/LR/47NTFRDFK6M7265A1UYTOW
 |- Actor Path: /Game/TopDown/Maps/TopDownMap.TopDownMap:PersistentLevel.StaticMeshActor_17
 |- Actor Package: /Game/__ExternalActors__/TopDown/Maps/TopDownMap/3/RG/XOAZMB5QVL20UGXOCZ1LZK
 |- Actor Path: /Game/TopDown/Maps/TopDownMap.TopDownMap:PersistentLevel.StaticMeshActor_18
 |- Actor Package: /Game/__ExternalActors__/TopDown/Maps/TopDownMap/0/WM/EHOX3YPZ8BWS13D7E6IFN2
 |- Actor Path: /Game/TopDown/Maps/TopDownMap.TopDownMap:PersistentLevel.StaticMeshActor_19
 |- Actor Package: /Game/__ExternalActors__/TopDown/Maps/TopDownMap/B/72/PR1QS01SW5BWFPFZ9C79RF
 |- Actor Path: /Game/TopDown/Maps/TopDownMap.TopDownMap:PersistentLevel.StaticMeshActor_22
 |- Actor Package: /Game/__ExternalActors__/TopDown/Maps/TopDownMap/7/43/KCOU8O5LTCF16FPA9RNLK8
 |- Actor Path: /Game/TopDown/Maps/TopDownMap.TopDownMap:PersistentLevel.StaticMeshActor_23
 |- Actor Package: /Game/__ExternalActors__/TopDown/Maps/TopDownMap/0/MB/J5WHCOZ4GU1YICRISB3DL6
 |- Actor Path: /Game/TopDown/Maps/TopDownMap.TopDownMap:PersistentLevel.StaticMeshActor_UAID_40C2BA9A58B86F4302_1579585783
 |- Actor Package: /Game/__ExternalActors__/TopDown/Maps/TopDownMap/2/NL/7B1G57NJF9A7L1H6FVYV8K
 |- Actor Path: /Game/TopDown/Maps/TopDownMap.TopDownMap:PersistentLevel.StaticMeshActor_UAID_40C2BA9A58B86F4302_1688905785
 |- Actor Package: /Game/__ExternalActors__/TopDown/Maps/TopDownMap/1/FG/2D3LU3C152U8NPURHF9E9T
 |- Actor Path: /Game/TopDown/Maps/TopDownMap.TopDownMap:PersistentLevel.StaticMeshActor_UAID_40C2BA9A58B86F4302_1705679786
 |- Actor Package: /Game/__ExternalActors__/TopDown/Maps/TopDownMap/A/3K/AWO243WBFAQMESJKNFPMJS
 |- Actor Path: /Game/TopDown/Maps/TopDownMap.TopDownMap:PersistentLevel.StaticMeshActor_UAID_40C2BA9A58B86F4302_1732692787
 |- Actor Package: /Game/__ExternalActors__/TopDown/Maps/TopDownMap/3/M4/P4QNVCN9IUSQ5G6SGEX6ZY
 |- Actor Path: /Game/TopDown/Maps/TopDownMap.TopDownMap:PersistentLevel.StaticMeshActor_UAID_40C2BA9A58B86F4302_1778605788
 |- Actor Package: /Game/__ExternalActors__/TopDown/Maps/TopDownMap/A/7W/PB2Y9JH1IUAE3U3UXXIN06
 |- Actor Path: /Game/TopDown/Maps/TopDownMap.TopDownMap:PersistentLevel.StaticMeshActor_UAID_40C2BA9A58B86F4302_1799086789
 |- Actor Package: /Game/__ExternalActors__/TopDown/Maps/TopDownMap/6/3U/TO8N8ONNJW0SURA4DAU0SV
 |- Actor Path: /Game/TopDown/Maps/TopDownMap.TopDownMap:PersistentLevel.StaticMeshActor_UAID_40C2BA9A58B86F4302_1831224790
 |- Actor Package: /Game/__ExternalActors__/TopDown/Maps/TopDownMap/9/AR/UY1I2SQ00SAICU5V7RUG2Q
 |- Actor Path: /Game/TopDown/Maps/TopDownMap.TopDownMap:PersistentLevel.StaticMeshActor_UAID_40C2BA9A58B86F4302_1861884791
 |- Actor Package: /Game/__ExternalActors__/TopDown/Maps/TopDownMap/1/UZ/XDGRBACU45NFZX6K5AS03I
 |- Actor Path: /Game/TopDown/Maps/TopDownMap.TopDownMap:PersistentLevel.StaticMeshActor_UAID_40C2BA9A58B86F4302_1945716792
 |- Actor Package: /Game/__ExternalActors__/TopDown/Maps/TopDownMap/3/1O/E4VZVBATYNOIVLQT9LKVER
 |- Actor Path: /Game/TopDown/Maps/TopDownMap.TopDownMap:PersistentLevel.StaticMeshActor_UAID_40C2BA9A58B86F4302_1976067793
 |- Actor Package: /Game/__ExternalActors__/TopDown/Maps/TopDownMap/A/AC/G76E70S4X307217HUQO5I7
 |- Actor Path: /Game/TopDown/Maps/TopDownMap.TopDownMap:PersistentLevel.StaticMeshActor_UAID_40C2BA9A58B86F4302_1989876794
 |- Actor Package: /Game/__ExternalActors__/TopDown/Maps/TopDownMap/D/Q8/H8ZWHCXC47TBZMDNIJDGOE
 |- Actor Path: /Game/TopDown/Maps/TopDownMap.TopDownMap:PersistentLevel.StaticMeshActor_UAID_40C2BA9A58B86F4302_2010615795
 |- Actor Package: /Game/__ExternalActors__/TopDown/Maps/TopDownMap/9/67/P65J6VJASYTMH2MIOT1SZT
 |- Actor Path: /Game/TopDown/Maps/TopDownMap.TopDownMap:PersistentLevel.StaticMeshActor_UAID_40C2BA9A58B86F4302_2111216796
 |- Actor Package: /Game/__ExternalActors__/TopDown/Maps/TopDownMap/F/2S/5XL28GONYHPWV7BHJ0AS4F
 |- Actor Path: /Game/TopDown/Maps/TopDownMap.TopDownMap:PersistentLevel.StaticMeshActor_UAID_A4AE111137DC5CFB00_1660657071
 |- Actor Package: /Game/__ExternalActors__/TopDown/Maps/TopDownMap/C/MV/UE2U7GTDT7WM2AVP83861S
 |- Actor Path: /Game/TopDown/Maps/TopDownMap.TopDownMap:PersistentLevel.TextRenderActor_0
 |- Actor Package: /Game/__ExternalActors__/TopDown/Maps/TopDownMap/9/FY/45JOQ38QR4K2P62IGCH99F
 |- Actor Path: /Game/TopDown/Maps/TopDownMap.TopDownMap:PersistentLevel.VolumetricCloud_0
 |- Actor Package: /Game/__ExternalActors__/TopDown/Maps/TopDownMap/6/GY/HOVAYB977GD5L9YGZ5S1T6
 |- Actor Path: /Game/TopDown/Maps/TopDownMap.TopDownMap:PersistentLevel.WorldDataLayers
 |- Actor Package: /Game/__ExternalActors__/TopDown/Maps/TopDownMap/A/RN/FHX05LPSBNMAJG3SW97PS7

----------------------------------------------------------------------------------------------------------------
TopDownMap - Runtime Hash Set
----------------------------------------------------------------------------------------------------------------

